[debug] [2024-10-30T13:24:47.229Z] ----------------------------------------------------------------------
[debug] [2024-10-30T13:24:47.233Z] Command:       /home/mohmk/.nvm/versions/node/v18.20.4/bin/node /home/mohmk/.nvm/versions/node/v18.20.4/bin/firebase init
[debug] [2024-10-30T13:24:47.234Z] CLI Version:   13.23.0
[debug] [2024-10-30T13:24:47.235Z] Platform:      linux
[debug] [2024-10-30T13:24:47.235Z] Node Version:  v18.20.4
[debug] [2024-10-30T13:24:47.236Z] Time:          Wed Oct 30 2024 13:24:47 GMT+0000 (heure moyenne de Greenwich)
[debug] [2024-10-30T13:24:47.236Z] ----------------------------------------------------------------------
[debug] 
[debug] [2024-10-30T13:24:47.246Z] > command requires scopes: ["email","openid","https://www.googleapis.com/auth/cloudplatformprojects.readonly","https://www.googleapis.com/auth/firebase","https://www.googleapis.com/auth/cloud-platform"]
[debug] [2024-10-30T13:24:47.246Z] > authorizing via signed-in user (elhadjmohamedmakank@gmail.com)
[info] 
     ######## #### ########  ######## ########     ###     ######  ########
     ##        ##  ##     ## ##       ##     ##  ##   ##  ##       ##
     ######    ##  ########  ######   ########  #########  ######  ######
     ##        ##  ##    ##  ##       ##     ## ##     ##       ## ##
     ##       #### ##     ## ######## ########  ##     ##  ######  ########

You're about to initialize a Firebase project in this directory:

  /home/mohmk/Bureau/mini_projets_ReactJs

[info] 
=== Project Setup
[info] 
[info] First, let's associate this project directory with a Firebase project.
[info] You can create multiple project aliases by running firebase use --add, 
[info] but for now we'll just set up a default project.
[info] 
[info] i  If you want to create a project in a Google Cloud organization or folder, please use "firebase projects:create" instead, and return to this command when you've created the project. 
[debug] [2024-10-30T13:25:58.912Z] Checked if tokens are valid: true, expires at: 1730298160663
[debug] [2024-10-30T13:25:58.912Z] Checked if tokens are valid: true, expires at: 1730298160663
[debug] [2024-10-30T13:25:58.916Z] >>> [apiv2][query] POST https://cloudresourcemanager.googleapis.com/v1/projects [none]
[debug] [2024-10-30T13:25:58.916Z] >>> [apiv2][body] POST https://cloudresourcemanager.googleapis.com/v1/projects {"projectId":"reactJs","name":"reactJs"}
[debug] [2024-10-30T13:26:04.834Z] <<< [apiv2][status] POST https://cloudresourcemanager.googleapis.com/v1/projects 400
[debug] [2024-10-30T13:26:04.834Z] <<< [apiv2][body] POST https://cloudresourcemanager.googleapis.com/v1/projects {"error":{"code":400,"message":"field [project_id] has issue [project_id contains invalid characters]","status":"INVALID_ARGUMENT","details":[{"@type":"type.googleapis.com/google.rpc.BadRequest","fieldViolations":[{"field":"project_id","description":"project_id contains invalid characters"}]},{"@type":"type.googleapis.com/google.rpc.Help","links":[{"url":"https://cloud.google.com/resource-manager/reference/rest/v1/projects"}]}]}}
[debug] [2024-10-30T13:26:05.051Z] FirebaseError: Request to https://cloudresourcemanager.googleapis.com/v1/projects had HTTP Error: 400, field [project_id] has issue [project_id contains invalid characters]
    at responseToError (/home/mohmk/.nvm/versions/node/v18.20.4/lib/node_modules/firebase-tools/lib/responseToError.js:52:12)
    at RetryOperation._fn (/home/mohmk/.nvm/versions/node/v18.20.4/lib/node_modules/firebase-tools/lib/apiv2.js:312:77)
    at process.processTicksAndRejections (node:internal/process/task_queues:95:5)
[error] 
[error] Error: Failed to create project. See firebase-debug.log for more info.
